[debug] [2021-12-02T17:13:03.842Z] ----------------------------------------------------------------------
[debug] [2021-12-02T17:13:03.846Z] Command:       /usr/bin/node /usr/local/bin/firebase deploy
[debug] [2021-12-02T17:13:03.846Z] CLI Version:   9.23.0
[debug] [2021-12-02T17:13:03.846Z] Platform:      linux
[debug] [2021-12-02T17:13:03.846Z] Node Version:  v10.19.0
[debug] [2021-12-02T17:13:03.848Z] Time:          Thu Dec 02 2021 19:13:03 GMT+0200 (Eastern European Standard Time)
[debug] [2021-12-02T17:13:03.848Z] ----------------------------------------------------------------------
[debug] 
[debug] [2021-12-02T17:13:03.851Z] >>> [apiv2][query] GET https://firebase-public.firebaseio.com/cli.json [none]
[debug] [2021-12-02T17:13:03.932Z] > command requires scopes: ["email","openid","https://www.googleapis.com/auth/cloudplatformprojects.readonly","https://www.googleapis.com/auth/firebase","https://www.googleapis.com/auth/cloud-platform"]
[debug] [2021-12-02T17:13:03.932Z] > authorizing via signed-in user (galicianchoir@gmail.com)
[debug] [2021-12-02T17:13:03.933Z] [iam] checking project galician-choir for permissions ["datastore.indexes.create","datastore.indexes.delete","datastore.indexes.list","datastore.indexes.update","firebase.projects.get","firebasehosting.sites.update","firebaserules.releases.create","firebaserules.releases.update","firebaserules.rulesets.create"]
[debug] [2021-12-02T17:13:03.934Z] > refreshing access token with scopes: ["email","https://www.googleapis.com/auth/cloud-platform","https://www.googleapis.com/auth/cloudplatformprojects.readonly","https://www.googleapis.com/auth/firebase","openid"]
[debug] [2021-12-02T17:13:03.935Z] >>> HTTP REQUEST POST https://www.googleapis.com/oauth2/v3/token  
 <request body omitted>
[debug] [2021-12-02T17:13:04.285Z] <<< HTTP RESPONSE 200 {"pragma":"no-cache","date":"Thu, 02 Dec 2021 17:13:04 GMT","cache-control":"no-cache, no-store, max-age=0, must-revalidate","expires":"Mon, 01 Jan 1990 00:00:00 GMT","content-type":"application/json; charset=utf-8","vary":"X-Origin, Referer, Origin,Accept-Encoding","server":"scaffolding on HTTPServer2","x-xss-protection":"0","x-frame-options":"SAMEORIGIN","x-content-type-options":"nosniff","alt-svc":"h3=\":443\"; ma=2592000,h3-29=\":443\"; ma=2592000,h3-Q050=\":443\"; ma=2592000,h3-Q046=\":443\"; ma=2592000,h3-Q043=\":443\"; ma=2592000,quic=\":443\"; ma=2592000; v=\"46,43\"","accept-ranges":"none","transfer-encoding":"chunked"}
[debug] [2021-12-02T17:13:04.304Z] >>> HTTP REQUEST POST https://cloudresourcemanager.googleapis.com/v1/projects/galician-choir:testIamPermissions  
 {"permissions":["datastore.indexes.create","datastore.indexes.delete","datastore.indexes.list","datastore.indexes.update","firebase.projects.get","firebasehosting.sites.update","firebaserules.releases.create","firebaserules.releases.update","firebaserules.rulesets.create"]}
[debug] [2021-12-02T17:13:04.584Z] <<< [apiv2][status] GET https://firebase-public.firebaseio.com/cli.json 200
[debug] [2021-12-02T17:13:04.585Z] <<< [apiv2][body] GET https://firebase-public.firebaseio.com/cli.json {"cloudBuildErrorAfter":1594252800000,"cloudBuildWarnAfter":1590019200000,"defaultNode10After":1594252800000,"minVersion":"3.0.5","node8DeploysDisabledAfter":1613390400000,"node8RuntimeDisabledAfter":1615809600000,"node8WarnAfter":1600128000000}
[debug] [2021-12-02T17:13:04.795Z] <<< HTTP RESPONSE 200 {"content-type":"application/json; charset=UTF-8","vary":"X-Origin, Referer, Origin,Accept-Encoding","date":"Thu, 02 Dec 2021 17:13:04 GMT","server":"ESF","cache-control":"private","x-xss-protection":"0","x-frame-options":"SAMEORIGIN","x-content-type-options":"nosniff","server-timing":"gfet4t7; dur=144","alt-svc":"h3=\":443\"; ma=2592000,h3-29=\":443\"; ma=2592000,h3-Q050=\":443\"; ma=2592000,h3-Q046=\":443\"; ma=2592000,h3-Q043=\":443\"; ma=2592000,quic=\":443\"; ma=2592000; v=\"46,43\"","accept-ranges":"none","transfer-encoding":"chunked"}
[debug] [2021-12-02T17:13:04.798Z] > refreshing access token with scopes: []
[debug] [2021-12-02T17:13:04.799Z] >>> HTTP REQUEST POST https://www.googleapis.com/oauth2/v3/token  
 <request body omitted>
[debug] [2021-12-02T17:13:05.006Z] <<< HTTP RESPONSE 200 {"cache-control":"no-cache, no-store, max-age=0, must-revalidate","date":"Thu, 02 Dec 2021 17:13:05 GMT","expires":"Mon, 01 Jan 1990 00:00:00 GMT","pragma":"no-cache","content-type":"application/json; charset=utf-8","vary":"X-Origin, Referer, Origin,Accept-Encoding","server":"scaffolding on HTTPServer2","x-xss-protection":"0","x-frame-options":"SAMEORIGIN","x-content-type-options":"nosniff","alt-svc":"h3=\":443\"; ma=2592000,h3-29=\":443\"; ma=2592000,h3-Q050=\":443\"; ma=2592000,h3-Q046=\":443\"; ma=2592000,h3-Q043=\":443\"; ma=2592000,quic=\":443\"; ma=2592000; v=\"46,43\"","accept-ranges":"none","transfer-encoding":"chunked"}
[debug] [2021-12-02T17:13:05.019Z] >>> [apiv2][query] GET https://firebase.googleapis.com/v1beta1/projects/galician-choir [none]
[debug] [2021-12-02T17:13:05.494Z] <<< [apiv2][status] GET https://firebase.googleapis.com/v1beta1/projects/galician-choir 200
[debug] [2021-12-02T17:13:05.494Z] <<< [apiv2][body] GET https://firebase.googleapis.com/v1beta1/projects/galician-choir {"projectId":"galician-choir","projectNumber":"532825033346","displayName":"Galician-Choir","name":"projects/galician-choir","resources":{"hostingSite":"galician-choir","storageBucket":"galician-choir.appspot.com","locationId":"europe-central2"},"state":"ACTIVE"}
[info] 
[info] === Deploying to 'galician-choir'...
[info] 
[info] i  deploying storage, firestore, hosting 
[debug] [2021-12-02T17:13:05.498Z] > refreshing access token with scopes: ["email","https://www.googleapis.com/auth/cloud-platform","https://www.googleapis.com/auth/cloudplatformprojects.readonly","https://www.googleapis.com/auth/firebase","openid"]
[debug] [2021-12-02T17:13:05.498Z] >>> HTTP REQUEST POST https://www.googleapis.com/oauth2/v3/token  
 <request body omitted>
[debug] [2021-12-02T17:13:05.787Z] <<< HTTP RESPONSE 200 {"cache-control":"no-cache, no-store, max-age=0, must-revalidate","expires":"Mon, 01 Jan 1990 00:00:00 GMT","date":"Thu, 02 Dec 2021 17:13:05 GMT","pragma":"no-cache","content-type":"application/json; charset=utf-8","vary":"X-Origin, Referer, Origin,Accept-Encoding","server":"scaffolding on HTTPServer2","x-xss-protection":"0","x-frame-options":"SAMEORIGIN","x-content-type-options":"nosniff","alt-svc":"h3=\":443\"; ma=2592000,h3-29=\":443\"; ma=2592000,h3-Q050=\":443\"; ma=2592000,h3-Q046=\":443\"; ma=2592000,h3-Q043=\":443\"; ma=2592000,quic=\":443\"; ma=2592000; v=\"46,43\"","accept-ranges":"none","transfer-encoding":"chunked"}
[debug] [2021-12-02T17:13:05.799Z] >>> HTTP REQUEST GET https://appengine.googleapis.com/v1/apps/galician-choir  
 
[debug] [2021-12-02T17:13:06.217Z] <<< HTTP RESPONSE 200 {"content-type":"application/json; charset=UTF-8","vary":"X-Origin, Referer, Origin,Accept-Encoding","date":"Thu, 02 Dec 2021 17:13:06 GMT","server":"ESF","cache-control":"private","x-xss-protection":"0","x-frame-options":"SAMEORIGIN","x-content-type-options":"nosniff","alt-svc":"h3=\":443\"; ma=2592000,h3-29=\":443\"; ma=2592000,h3-Q050=\":443\"; ma=2592000,h3-Q046=\":443\"; ma=2592000,h3-Q043=\":443\"; ma=2592000,quic=\":443\"; ma=2592000; v=\"46,43\"","accept-ranges":"none","transfer-encoding":"chunked"}
[info] i  firebase.storage: checking storage.rules for compilation errors... 
[debug] [2021-12-02T17:13:06.222Z] >>> HTTP REQUEST POST https://firebaserules.googleapis.com/v1/projects/galician-choir:test  
 {"source":{"files":[{"name":"storage.rules","content":"rules_version = '2';\nservice firebase.storage {\n  match /b/{bucket}/o {\n    match /{allPaths=**} {\n      allow read\n      allow write: if request.auth!=null;\n    }\n  }\n}\n"}]}}
[debug] [2021-12-02T17:13:07.384Z] <<< HTTP RESPONSE 200 {"content-type":"application/json; charset=UTF-8","vary":"X-Origin, Referer, Origin,Accept-Encoding","date":"Thu, 02 Dec 2021 17:13:07 GMT","server":"ESF","cache-control":"private","x-xss-protection":"0","x-frame-options":"SAMEORIGIN","x-content-type-options":"nosniff","alt-svc":"h3=\":443\"; ma=2592000,h3-29=\":443\"; ma=2592000,h3-Q050=\":443\"; ma=2592000,h3-Q046=\":443\"; ma=2592000,h3-Q043=\":443\"; ma=2592000,quic=\":443\"; ma=2592000; v=\"46,43\"","accept-ranges":"none","transfer-encoding":"chunked"}
[info] ✔  firebase.storage: rules file storage.rules compiled successfully 
[info] i  firestore: reading indexes from firestore.indexes.json... 
[info] i  cloud.firestore: checking firestore.rules for compilation errors... 
[debug] [2021-12-02T17:13:07.388Z] >>> HTTP REQUEST POST https://firebaserules.googleapis.com/v1/projects/galician-choir:test  
 {"source":{"files":[{"name":"firestore.rules","content":"rules_version = '2';\nservice cloud.firestore {\n  match /databases/{database}/documents {\n    match /{document=**} {\n    \tallow read;\n      allow write: if\n          request.auth.uid != null;\n    }\n  }\n}"}]}}
[debug] [2021-12-02T17:13:08.313Z] <<< HTTP RESPONSE 200 {"content-type":"application/json; charset=UTF-8","vary":"X-Origin, Referer, Origin,Accept-Encoding","date":"Thu, 02 Dec 2021 17:13:08 GMT","server":"ESF","cache-control":"private","x-xss-protection":"0","x-frame-options":"SAMEORIGIN","x-content-type-options":"nosniff","alt-svc":"h3=\":443\"; ma=2592000,h3-29=\":443\"; ma=2592000,h3-Q050=\":443\"; ma=2592000,h3-Q046=\":443\"; ma=2592000,h3-Q043=\":443\"; ma=2592000,quic=\":443\"; ma=2592000; v=\"46,43\"","accept-ranges":"none","transfer-encoding":"chunked"}
[info] ✔  cloud.firestore: rules file firestore.rules compiled successfully 
[debug] [2021-12-02T17:13:08.325Z] >>> HTTP REQUEST POST https://firebasehosting.googleapis.com/v1beta1/sites/galician-choir/versions  
 {"config":{"rewrites":[{"glob":"**","path":"/index.html"}]},"labels":{"deployment-tool":"cli-firebase"}}
[debug] [2021-12-02T17:13:10.568Z] <<< HTTP RESPONSE 200 {"content-type":"application/json; charset=UTF-8","vary":"X-Origin, Referer, Origin,Accept-Encoding","date":"Thu, 02 Dec 2021 17:13:10 GMT","server":"ESF","cache-control":"private","x-xss-protection":"0","x-frame-options":"SAMEORIGIN","x-content-type-options":"nosniff","alt-svc":"h3=\":443\"; ma=2592000,h3-29=\":443\"; ma=2592000,h3-Q050=\":443\"; ma=2592000,h3-Q046=\":443\"; ma=2592000,h3-Q043=\":443\"; ma=2592000,quic=\":443\"; ma=2592000; v=\"46,43\"","accept-ranges":"none","transfer-encoding":"chunked"}
[debug] [2021-12-02T17:13:10.576Z] >>> HTTP REQUEST GET https://firebaserules.googleapis.com/v1/projects/galician-choir/releases?pageSize=10&pageToken=  
 
[debug] [2021-12-02T17:13:11.385Z] <<< HTTP RESPONSE 200 {"content-type":"application/json; charset=UTF-8","vary":"X-Origin, Referer, Origin,Accept-Encoding","date":"Thu, 02 Dec 2021 17:13:11 GMT","server":"ESF","cache-control":"private","x-xss-protection":"0","x-frame-options":"SAMEORIGIN","x-content-type-options":"nosniff","alt-svc":"h3=\":443\"; ma=2592000,h3-29=\":443\"; ma=2592000,h3-Q050=\":443\"; ma=2592000,h3-Q046=\":443\"; ma=2592000,h3-Q043=\":443\"; ma=2592000,quic=\":443\"; ma=2592000; v=\"46,43\"","accept-ranges":"none","transfer-encoding":"chunked"}
[debug] [2021-12-02T17:13:11.393Z] >>> HTTP REQUEST GET https://firebaserules.googleapis.com/v1/projects/galician-choir/rulesets/5fcaa5ee-2282-43cf-81dd-f2588d295f56  
 
[debug] [2021-12-02T17:13:12.614Z] <<< HTTP RESPONSE 200 {"content-type":"application/json; charset=UTF-8","vary":"X-Origin, Referer, Origin,Accept-Encoding","date":"Thu, 02 Dec 2021 17:13:12 GMT","server":"ESF","cache-control":"private","x-xss-protection":"0","x-frame-options":"SAMEORIGIN","x-content-type-options":"nosniff","alt-svc":"h3=\":443\"; ma=2592000,h3-29=\":443\"; ma=2592000,h3-Q050=\":443\"; ma=2592000,h3-Q046=\":443\"; ma=2592000,h3-Q043=\":443\"; ma=2592000,quic=\":443\"; ma=2592000; v=\"46,43\"","accept-ranges":"none","transfer-encoding":"chunked"}
[info] i  storage: latest version of storage.rules already up to date, skipping upload... 
[debug] [2021-12-02T17:13:12.620Z] >>> HTTP REQUEST GET https://firebaserules.googleapis.com/v1/projects/galician-choir/releases?pageSize=10&pageToken=  
 
[debug] [2021-12-02T17:13:12.621Z] >>> HTTP REQUEST GET https://firestore.googleapis.com/v1/projects/galician-choir/databases/(default)/collectionGroups/-/indexes  
 
[debug] [2021-12-02T17:13:13.258Z] <<< HTTP RESPONSE 200 {"content-type":"application/json; charset=UTF-8","vary":"X-Origin, Referer, Origin,Accept-Encoding","date":"Thu, 02 Dec 2021 17:13:13 GMT","server":"ESF","cache-control":"private","x-xss-protection":"0","x-frame-options":"SAMEORIGIN","x-content-type-options":"nosniff","alt-svc":"h3=\":443\"; ma=2592000,h3-29=\":443\"; ma=2592000,h3-Q050=\":443\"; ma=2592000,h3-Q046=\":443\"; ma=2592000,h3-Q043=\":443\"; ma=2592000,quic=\":443\"; ma=2592000; v=\"46,43\"","accept-ranges":"none","transfer-encoding":"chunked"}
[debug] [2021-12-02T17:13:13.259Z] >>> HTTP REQUEST GET https://firestore.googleapis.com/v1/projects/galician-choir/databases/(default)/collectionGroups/-/fields?filter=indexConfig.usesAncestorConfig=false  
 
[debug] [2021-12-02T17:13:13.639Z] <<< HTTP RESPONSE 200 {"content-type":"application/json; charset=UTF-8","vary":"X-Origin, Referer, Origin,Accept-Encoding","date":"Thu, 02 Dec 2021 17:13:13 GMT","server":"ESF","cache-control":"private","x-xss-protection":"0","x-frame-options":"SAMEORIGIN","x-content-type-options":"nosniff","alt-svc":"h3=\":443\"; ma=2592000,h3-29=\":443\"; ma=2592000,h3-Q050=\":443\"; ma=2592000,h3-Q046=\":443\"; ma=2592000,h3-Q043=\":443\"; ma=2592000,quic=\":443\"; ma=2592000; v=\"46,43\"","accept-ranges":"none","transfer-encoding":"chunked"}
[debug] [2021-12-02T17:13:13.641Z] >>> HTTP REQUEST GET https://firebaserules.googleapis.com/v1/projects/galician-choir/rulesets/494a0a79-8368-40a2-9344-4d1088cd9d9f  
 
[debug] [2021-12-02T17:13:13.845Z] <<< HTTP RESPONSE 200 {"content-type":"application/json; charset=UTF-8","vary":"X-Origin, Referer, Origin,Accept-Encoding","date":"Thu, 02 Dec 2021 17:13:13 GMT","server":"ESF","cache-control":"private","x-xss-protection":"0","x-frame-options":"SAMEORIGIN","x-content-type-options":"nosniff","alt-svc":"h3=\":443\"; ma=2592000,h3-29=\":443\"; ma=2592000,h3-Q050=\":443\"; ma=2592000,h3-Q046=\":443\"; ma=2592000,h3-Q043=\":443\"; ma=2592000,quic=\":443\"; ma=2592000; v=\"46,43\"","accept-ranges":"none","transfer-encoding":"chunked"}
[info] ✔  firestore: deployed indexes in firestore.indexes.json successfully 
[debug] [2021-12-02T17:13:14.891Z] <<< HTTP RESPONSE 200 {"content-type":"application/json; charset=UTF-8","vary":"X-Origin, Referer, Origin,Accept-Encoding","date":"Thu, 02 Dec 2021 17:13:14 GMT","server":"ESF","cache-control":"private","x-xss-protection":"0","x-frame-options":"SAMEORIGIN","x-content-type-options":"nosniff","alt-svc":"h3=\":443\"; ma=2592000,h3-29=\":443\"; ma=2592000,h3-Q050=\":443\"; ma=2592000,h3-Q046=\":443\"; ma=2592000,h3-Q043=\":443\"; ma=2592000,quic=\":443\"; ma=2592000; v=\"46,43\"","accept-ranges":"none","transfer-encoding":"chunked"}
[info] i  firestore: latest version of firestore.rules already up to date, skipping upload... 
[info] i  hosting[galician-choir]: beginning deploy... 
[info] i  hosting[galician-choir]: found 27 files in dist 
[debug] [2021-12-02T17:13:15.400Z] > refreshing access token with scopes: []
[debug] [2021-12-02T17:13:15.400Z] >>> HTTP REQUEST POST https://www.googleapis.com/oauth2/v3/token  
 <request body omitted>
[debug] [2021-12-02T17:13:15.402Z] [hosting] hash cache [ZGlzdA] stored for 27 files
[debug] [2021-12-02T17:13:15.402Z] [hosting][hash queue][FINAL] {"max":458,"min":18,"avg":40.074074074074076,"active":0,"complete":27,"success":27,"errored":0,"retried":0,"total":27,"elapsed":470}
[debug] [2021-12-02T17:13:15.617Z] <<< HTTP RESPONSE 200 {"cache-control":"no-cache, no-store, max-age=0, must-revalidate","pragma":"no-cache","expires":"Mon, 01 Jan 1990 00:00:00 GMT","date":"Thu, 02 Dec 2021 17:13:15 GMT","content-type":"application/json; charset=utf-8","vary":"X-Origin, Referer, Origin,Accept-Encoding","server":"scaffolding on HTTPServer2","x-xss-protection":"0","x-frame-options":"SAMEORIGIN","x-content-type-options":"nosniff","alt-svc":"h3=\":443\"; ma=2592000,h3-29=\":443\"; ma=2592000,h3-Q050=\":443\"; ma=2592000,h3-Q046=\":443\"; ma=2592000,h3-Q043=\":443\"; ma=2592000,quic=\":443\"; ma=2592000; v=\"46,43\"","accept-ranges":"none","transfer-encoding":"chunked"}
[debug] [2021-12-02T17:13:15.623Z] >>> [apiv2][query] POST https://firebasehosting.googleapis.com/v1beta1/sites/galician-choir/versions/43561a0fd2e01b41:populateFiles [none]
[debug] [2021-12-02T17:13:15.623Z] >>> [apiv2][body] POST https://firebasehosting.googleapis.com/v1beta1/sites/galician-choir/versions/43561a0fd2e01b41:populateFiles {"files":{"/index.html":"a45e5b411fb4d013ada4bb088e535bb701d036822c06ddbaa890cd9257bc5621","/favicon.ico":"e0535b2041a7a1721cdec785c903980d41fdf0d810a4ea9726b6ffd1371bbc28","/css/chunk-01f2974a.1ec0ff48.css":"90e4e91cd6bf8392df91acb66702a82218461e56c96934fe1d86833be3cf0f17","/css/chunk-2a1c0ec9.3070978e.css":"62ca5283f186c8494df353f3ff454b6fa471137a50506753ffcc8d9a8cdf50b6","/css/chunk-2ce60df3.5dcd19f2.css":"eeb31cc4a565931867deef377571f1d83faa6bedf2fa6bd7315a81238c6ac118","/css/chunk-709f21ac.090275ce.css":"3f982d8add083d9c62ae5144a89c3a3dd190952f943f7fc1e685ee9451dd9a9e","/css/chunk-710e9d8b.efe0566a.css":"17c9c4cf0a9a0d1f632ad0ebead3c08c0d744ab2ad2c512dcf4d372bf3bf7ed5","/css/app.b4dcefc7.css":"957b1b48bef5158588e81ef1a702bbe0016a1b7180c0a0cbf214856d4405e63c","/js/chunk-01f2974a.1ac7343f.js":"3aa7ebddf2bc2a8149077791d13c172901b4f69a503d60d0b4a29eee10e52d7a","/css/chunk-e6179fc2.c5cdc50d.css":"fef36f04880022753df1d17f2cb972a6ef9b5bb9daba7e47270fc3d4675a771a","/js/chunk-2a1c0ec9.bc3a5968.js":"4e4427177bf3ed3558fd951cb317306130317e3bc925c05f8917e6a117ed5735","/js/chunk-01f2974a.1ac7343f.js.map":"dc9435f10c76427258f2f8a52b32efb96053c9508f886489ad11fc101aa53001","/js/chunk-2ce60df3.9de0ef2f.js":"aee398ea0d13637f0c6bbb0bb4fcf3341c5b2f43adc34787751c16df4ac85298","/js/chunk-2ce60df3.9de0ef2f.js.map":"4434591ad876ed6133eeac93eb2961ae21e057e901a117acdc2f1ef4ecf593bc","/js/chunk-2d208526.cd820674.js":"708895a20d126408aa02d9a4ec8ae8c6aa3f476b1c0e04b4875243d77013420e","/js/chunk-2d208526.cd820674.js.map":"8211253a32942631c2a6f5da9dc3ed7f27ffacc20e7ca868ca2df6ffa1d5fff5","/js/chunk-2a1c0ec9.bc3a5968.js.map":"7f25727c65c9e8d8b00ff649cd7785d9c986797a4ee0a28e6732e10372e7c642","/js/chunk-709f21ac.068e0b06.js":"f1aa89dda1d21b4844acb2732db94888e811c0c614bffc2916ea17e2f6046608","/js/chunk-710e9d8b.1003b7ae.js":"fd8cf7e766d3ac33f67927fc43e9bc68ed5365652b554a71032c61c0fcbb2364","/js/chunk-709f21ac.068e0b06.js.map":"f44987f8bf0b0642aa89be01ecfcd989589101d5e105d288fa4130c48b888de9","/js/chunk-710e9d8b.1003b7ae.js.map":"a0d75973e10d11327d1e2081c5e5f050ae09ab9683a6d0d6f3e83875882d6980","/js/chunk-e6179fc2.5ccf1fab.js":"e88faca3b58b4324a3c0a32b1a88ac44dcebebf619e3c0c27a9adca850fe2628","/js/app.a15eea8b.js":"f43f799f969c40ba8ac00a54f07ae8205d8eef4b4acac17953840f5b8c79054c","/js/app.a15eea8b.js.map":"9e222d85dc0edd5accfc54dff18adb74da06b11acbd0c23e5204f276b152e63d","/js/chunk-e6179fc2.5ccf1fab.js.map":"68efe2bf8a059c4f47282d42c111da0473d69ebc802190a759b38058729c6665","/js/chunk-vendors.71d48073.js":"e9dc898ef22dc68e93194576d66792aa26f5ceadf4d3ccf3993e89eabd6b09dc","/js/chunk-vendors.71d48073.js.map":"959e3f917c5b3872f63066c5ace3ba00b250fbe0bb7e25907fc3cf086aef9e1d"}}
[debug] [2021-12-02T17:13:17.127Z] <<< [apiv2][status] POST https://firebasehosting.googleapis.com/v1beta1/sites/galician-choir/versions/43561a0fd2e01b41:populateFiles 200
[debug] [2021-12-02T17:13:17.128Z] <<< [apiv2][body] POST https://firebasehosting.googleapis.com/v1beta1/sites/galician-choir/versions/43561a0fd2e01b41:populateFiles {"uploadRequiredHashes":["3f982d8add083d9c62ae5144a89c3a3dd190952f943f7fc1e685ee9451dd9a9e","17c9c4cf0a9a0d1f632ad0ebead3c08c0d744ab2ad2c512dcf4d372bf3bf7ed5","9e222d85dc0edd5accfc54dff18adb74da06b11acbd0c23e5204f276b152e63d","a0d75973e10d11327d1e2081c5e5f050ae09ab9683a6d0d6f3e83875882d6980","62ca5283f186c8494df353f3ff454b6fa471137a50506753ffcc8d9a8cdf50b6","f44987f8bf0b0642aa89be01ecfcd989589101d5e105d288fa4130c48b888de9","7f25727c65c9e8d8b00ff649cd7785d9c986797a4ee0a28e6732e10372e7c642","a45e5b411fb4d013ada4bb088e535bb701d036822c06ddbaa890cd9257bc5621","4e4427177bf3ed3558fd951cb317306130317e3bc925c05f8917e6a117ed5735","959e3f917c5b3872f63066c5ace3ba00b250fbe0bb7e25907fc3cf086aef9e1d","f43f799f969c40ba8ac00a54f07ae8205d8eef4b4acac17953840f5b8c79054c","fef36f04880022753df1d17f2cb972a6ef9b5bb9daba7e47270fc3d4675a771a","957b1b48bef5158588e81ef1a702bbe0016a1b7180c0a0cbf214856d4405e63c","e9dc898ef22dc68e93194576d66792aa26f5ceadf4d3ccf3993e89eabd6b09dc","e88faca3b58b4324a3c0a32b1a88ac44dcebebf619e3c0c27a9adca850fe2628","68efe2bf8a059c4f47282d42c111da0473d69ebc802190a759b38058729c6665","f1aa89dda1d21b4844acb2732db94888e811c0c614bffc2916ea17e2f6046608","fd8cf7e766d3ac33f67927fc43e9bc68ed5365652b554a71032c61c0fcbb2364"],"uploadUrl":"https://upload-firebasehosting.googleapis.com/upload/sites/galician-choir/versions/43561a0fd2e01b41/files"}
[debug] [2021-12-02T17:13:17.154Z] >>> [apiv2][query] POST https://upload-firebasehosting.googleapis.com/upload/sites/galician-choir/versions/43561a0fd2e01b41/files/3f982d8add083d9c62ae5144a89c3a3dd190952f943f7fc1e685ee9451dd9a9e [none]
[debug] [2021-12-02T17:13:17.154Z] >>> [apiv2][body] POST https://upload-firebasehosting.googleapis.com/upload/sites/galician-choir/versions/43561a0fd2e01b41/files/3f982d8add083d9c62ae5144a89c3a3dd190952f943f7fc1e685ee9451dd9a9e [stream]
[debug] [2021-12-02T17:13:17.157Z] >>> [apiv2][query] POST https://upload-firebasehosting.googleapis.com/upload/sites/galician-choir/versions/43561a0fd2e01b41/files/17c9c4cf0a9a0d1f632ad0ebead3c08c0d744ab2ad2c512dcf4d372bf3bf7ed5 [none]
[debug] [2021-12-02T17:13:17.157Z] >>> [apiv2][body] POST https://upload-firebasehosting.googleapis.com/upload/sites/galician-choir/versions/43561a0fd2e01b41/files/17c9c4cf0a9a0d1f632ad0ebead3c08c0d744ab2ad2c512dcf4d372bf3bf7ed5 [stream]
[debug] [2021-12-02T17:13:17.158Z] >>> [apiv2][query] POST https://upload-firebasehosting.googleapis.com/upload/sites/galician-choir/versions/43561a0fd2e01b41/files/9e222d85dc0edd5accfc54dff18adb74da06b11acbd0c23e5204f276b152e63d [none]
[debug] [2021-12-02T17:13:17.158Z] >>> [apiv2][body] POST https://upload-firebasehosting.googleapis.com/upload/sites/galician-choir/versions/43561a0fd2e01b41/files/9e222d85dc0edd5accfc54dff18adb74da06b11acbd0c23e5204f276b152e63d [stream]
[debug] [2021-12-02T17:13:17.159Z] >>> [apiv2][query] POST https://upload-firebasehosting.googleapis.com/upload/sites/galician-choir/versions/43561a0fd2e01b41/files/a0d75973e10d11327d1e2081c5e5f050ae09ab9683a6d0d6f3e83875882d6980 [none]
[debug] [2021-12-02T17:13:17.160Z] >>> [apiv2][body] POST https://upload-firebasehosting.googleapis.com/upload/sites/galician-choir/versions/43561a0fd2e01b41/files/a0d75973e10d11327d1e2081c5e5f050ae09ab9683a6d0d6f3e83875882d6980 [stream]
[debug] [2021-12-02T17:13:17.161Z] >>> [apiv2][query] POST https://upload-firebasehosting.googleapis.com/upload/sites/galician-choir/versions/43561a0fd2e01b41/files/62ca5283f186c8494df353f3ff454b6fa471137a50506753ffcc8d9a8cdf50b6 [none]
[debug] [2021-12-02T17:13:17.161Z] >>> [apiv2][body] POST https://upload-firebasehosting.googleapis.com/upload/sites/galician-choir/versions/43561a0fd2e01b41/files/62ca5283f186c8494df353f3ff454b6fa471137a50506753ffcc8d9a8cdf50b6 [stream]
[debug] [2021-12-02T17:13:17.162Z] >>> [apiv2][query] POST https://upload-firebasehosting.googleapis.com/upload/sites/galician-choir/versions/43561a0fd2e01b41/files/f44987f8bf0b0642aa89be01ecfcd989589101d5e105d288fa4130c48b888de9 [none]
[debug] [2021-12-02T17:13:17.162Z] >>> [apiv2][body] POST https://upload-firebasehosting.googleapis.com/upload/sites/galician-choir/versions/43561a0fd2e01b41/files/f44987f8bf0b0642aa89be01ecfcd989589101d5e105d288fa4130c48b888de9 [stream]
[debug] [2021-12-02T17:13:17.163Z] >>> [apiv2][query] POST https://upload-firebasehosting.googleapis.com/upload/sites/galician-choir/versions/43561a0fd2e01b41/files/7f25727c65c9e8d8b00ff649cd7785d9c986797a4ee0a28e6732e10372e7c642 [none]
[debug] [2021-12-02T17:13:17.163Z] >>> [apiv2][body] POST https://upload-firebasehosting.googleapis.com/upload/sites/galician-choir/versions/43561a0fd2e01b41/files/7f25727c65c9e8d8b00ff649cd7785d9c986797a4ee0a28e6732e10372e7c642 [stream]
[debug] [2021-12-02T17:13:17.164Z] >>> [apiv2][query] POST https://upload-firebasehosting.googleapis.com/upload/sites/galician-choir/versions/43561a0fd2e01b41/files/a45e5b411fb4d013ada4bb088e535bb701d036822c06ddbaa890cd9257bc5621 [none]
[debug] [2021-12-02T17:13:17.164Z] >>> [apiv2][body] POST https://upload-firebasehosting.googleapis.com/upload/sites/galician-choir/versions/43561a0fd2e01b41/files/a45e5b411fb4d013ada4bb088e535bb701d036822c06ddbaa890cd9257bc5621 [stream]
[debug] [2021-12-02T17:13:17.165Z] >>> [apiv2][query] POST https://upload-firebasehosting.googleapis.com/upload/sites/galician-choir/versions/43561a0fd2e01b41/files/4e4427177bf3ed3558fd951cb317306130317e3bc925c05f8917e6a117ed5735 [none]
[debug] [2021-12-02T17:13:17.165Z] >>> [apiv2][body] POST https://upload-firebasehosting.googleapis.com/upload/sites/galician-choir/versions/43561a0fd2e01b41/files/4e4427177bf3ed3558fd951cb317306130317e3bc925c05f8917e6a117ed5735 [stream]
[debug] [2021-12-02T17:13:17.166Z] >>> [apiv2][query] POST https://upload-firebasehosting.googleapis.com/upload/sites/galician-choir/versions/43561a0fd2e01b41/files/959e3f917c5b3872f63066c5ace3ba00b250fbe0bb7e25907fc3cf086aef9e1d [none]
[debug] [2021-12-02T17:13:17.166Z] >>> [apiv2][body] POST https://upload-firebasehosting.googleapis.com/upload/sites/galician-choir/versions/43561a0fd2e01b41/files/959e3f917c5b3872f63066c5ace3ba00b250fbe0bb7e25907fc3cf086aef9e1d [stream]
[debug] [2021-12-02T17:13:17.169Z] >>> [apiv2][query] POST https://upload-firebasehosting.googleapis.com/upload/sites/galician-choir/versions/43561a0fd2e01b41/files/f43f799f969c40ba8ac00a54f07ae8205d8eef4b4acac17953840f5b8c79054c [none]
[debug] [2021-12-02T17:13:17.169Z] >>> [apiv2][body] POST https://upload-firebasehosting.googleapis.com/upload/sites/galician-choir/versions/43561a0fd2e01b41/files/f43f799f969c40ba8ac00a54f07ae8205d8eef4b4acac17953840f5b8c79054c [stream]
[debug] [2021-12-02T17:13:17.170Z] >>> [apiv2][query] POST https://upload-firebasehosting.googleapis.com/upload/sites/galician-choir/versions/43561a0fd2e01b41/files/fef36f04880022753df1d17f2cb972a6ef9b5bb9daba7e47270fc3d4675a771a [none]
[debug] [2021-12-02T17:13:17.170Z] >>> [apiv2][body] POST https://upload-firebasehosting.googleapis.com/upload/sites/galician-choir/versions/43561a0fd2e01b41/files/fef36f04880022753df1d17f2cb972a6ef9b5bb9daba7e47270fc3d4675a771a [stream]
[debug] [2021-12-02T17:13:17.171Z] >>> [apiv2][query] POST https://upload-firebasehosting.googleapis.com/upload/sites/galician-choir/versions/43561a0fd2e01b41/files/957b1b48bef5158588e81ef1a702bbe0016a1b7180c0a0cbf214856d4405e63c [none]
[debug] [2021-12-02T17:13:17.171Z] >>> [apiv2][body] POST https://upload-firebasehosting.googleapis.com/upload/sites/galician-choir/versions/43561a0fd2e01b41/files/957b1b48bef5158588e81ef1a702bbe0016a1b7180c0a0cbf214856d4405e63c [stream]
[debug] [2021-12-02T17:13:17.172Z] >>> [apiv2][query] POST https://upload-firebasehosting.googleapis.com/upload/sites/galician-choir/versions/43561a0fd2e01b41/files/e9dc898ef22dc68e93194576d66792aa26f5ceadf4d3ccf3993e89eabd6b09dc [none]
[debug] [2021-12-02T17:13:17.172Z] >>> [apiv2][body] POST https://upload-firebasehosting.googleapis.com/upload/sites/galician-choir/versions/43561a0fd2e01b41/files/e9dc898ef22dc68e93194576d66792aa26f5ceadf4d3ccf3993e89eabd6b09dc [stream]
[debug] [2021-12-02T17:13:17.173Z] >>> [apiv2][query] POST https://upload-firebasehosting.googleapis.com/upload/sites/galician-choir/versions/43561a0fd2e01b41/files/e88faca3b58b4324a3c0a32b1a88ac44dcebebf619e3c0c27a9adca850fe2628 [none]
[debug] [2021-12-02T17:13:17.173Z] >>> [apiv2][body] POST https://upload-firebasehosting.googleapis.com/upload/sites/galician-choir/versions/43561a0fd2e01b41/files/e88faca3b58b4324a3c0a32b1a88ac44dcebebf619e3c0c27a9adca850fe2628 [stream]
[debug] [2021-12-02T17:13:17.174Z] >>> [apiv2][query] POST https://upload-firebasehosting.googleapis.com/upload/sites/galician-choir/versions/43561a0fd2e01b41/files/68efe2bf8a059c4f47282d42c111da0473d69ebc802190a759b38058729c6665 [none]
[debug] [2021-12-02T17:13:17.174Z] >>> [apiv2][body] POST https://upload-firebasehosting.googleapis.com/upload/sites/galician-choir/versions/43561a0fd2e01b41/files/68efe2bf8a059c4f47282d42c111da0473d69ebc802190a759b38058729c6665 [stream]
[debug] [2021-12-02T17:13:17.175Z] >>> [apiv2][query] POST https://upload-firebasehosting.googleapis.com/upload/sites/galician-choir/versions/43561a0fd2e01b41/files/f1aa89dda1d21b4844acb2732db94888e811c0c614bffc2916ea17e2f6046608 [none]
[debug] [2021-12-02T17:13:17.175Z] >>> [apiv2][body] POST https://upload-firebasehosting.googleapis.com/upload/sites/galician-choir/versions/43561a0fd2e01b41/files/f1aa89dda1d21b4844acb2732db94888e811c0c614bffc2916ea17e2f6046608 [stream]
[debug] [2021-12-02T17:13:17.175Z] >>> [apiv2][query] POST https://upload-firebasehosting.googleapis.com/upload/sites/galician-choir/versions/43561a0fd2e01b41/files/fd8cf7e766d3ac33f67927fc43e9bc68ed5365652b554a71032c61c0fcbb2364 [none]
[debug] [2021-12-02T17:13:17.175Z] >>> [apiv2][body] POST https://upload-firebasehosting.googleapis.com/upload/sites/galician-choir/versions/43561a0fd2e01b41/files/fd8cf7e766d3ac33f67927fc43e9bc68ed5365652b554a71032c61c0fcbb2364 [stream]
[debug] [2021-12-02T17:13:17.176Z] [hosting][populate queue][FINAL] {"max":1755,"min":1755,"avg":1755,"active":0,"complete":1,"success":1,"errored":0,"retried":0,"total":1,"elapsed":1777}
[debug] [2021-12-02T17:13:17.176Z] [hosting] uploads queued: 18
[debug] [2021-12-02T17:13:19.236Z] <<< [apiv2][status] POST https://upload-firebasehosting.googleapis.com/upload/sites/galician-choir/versions/43561a0fd2e01b41/files/957b1b48bef5158588e81ef1a702bbe0016a1b7180c0a0cbf214856d4405e63c 200
[debug] [2021-12-02T17:13:19.236Z] <<< [apiv2][body] POST https://upload-firebasehosting.googleapis.com/upload/sites/galician-choir/versions/43561a0fd2e01b41/files/957b1b48bef5158588e81ef1a702bbe0016a1b7180c0a0cbf214856d4405e63c [stream]
[debug] [2021-12-02T17:13:19.237Z] <<< [apiv2][status] POST https://upload-firebasehosting.googleapis.com/upload/sites/galician-choir/versions/43561a0fd2e01b41/files/f44987f8bf0b0642aa89be01ecfcd989589101d5e105d288fa4130c48b888de9 200
[debug] [2021-12-02T17:13:19.237Z] <<< [apiv2][body] POST https://upload-firebasehosting.googleapis.com/upload/sites/galician-choir/versions/43561a0fd2e01b41/files/f44987f8bf0b0642aa89be01ecfcd989589101d5e105d288fa4130c48b888de9 [stream]
[debug] [2021-12-02T17:13:19.237Z] <<< [apiv2][status] POST https://upload-firebasehosting.googleapis.com/upload/sites/galician-choir/versions/43561a0fd2e01b41/files/fef36f04880022753df1d17f2cb972a6ef9b5bb9daba7e47270fc3d4675a771a 200
[debug] [2021-12-02T17:13:19.238Z] <<< [apiv2][body] POST https://upload-firebasehosting.googleapis.com/upload/sites/galician-choir/versions/43561a0fd2e01b41/files/fef36f04880022753df1d17f2cb972a6ef9b5bb9daba7e47270fc3d4675a771a [stream]
[debug] [2021-12-02T17:13:19.238Z] <<< [apiv2][status] POST https://upload-firebasehosting.googleapis.com/upload/sites/galician-choir/versions/43561a0fd2e01b41/files/17c9c4cf0a9a0d1f632ad0ebead3c08c0d744ab2ad2c512dcf4d372bf3bf7ed5 200
[debug] [2021-12-02T17:13:19.238Z] <<< [apiv2][body] POST https://upload-firebasehosting.googleapis.com/upload/sites/galician-choir/versions/43561a0fd2e01b41/files/17c9c4cf0a9a0d1f632ad0ebead3c08c0d744ab2ad2c512dcf4d372bf3bf7ed5 [stream]
[debug] [2021-12-02T17:13:19.239Z] <<< [apiv2][status] POST https://upload-firebasehosting.googleapis.com/upload/sites/galician-choir/versions/43561a0fd2e01b41/files/68efe2bf8a059c4f47282d42c111da0473d69ebc802190a759b38058729c6665 200
[debug] [2021-12-02T17:13:19.239Z] <<< [apiv2][body] POST https://upload-firebasehosting.googleapis.com/upload/sites/galician-choir/versions/43561a0fd2e01b41/files/68efe2bf8a059c4f47282d42c111da0473d69ebc802190a759b38058729c6665 [stream]
[debug] [2021-12-02T17:13:19.239Z] <<< [apiv2][status] POST https://upload-firebasehosting.googleapis.com/upload/sites/galician-choir/versions/43561a0fd2e01b41/files/fd8cf7e766d3ac33f67927fc43e9bc68ed5365652b554a71032c61c0fcbb2364 200
[debug] [2021-12-02T17:13:19.239Z] <<< [apiv2][body] POST https://upload-firebasehosting.googleapis.com/upload/sites/galician-choir/versions/43561a0fd2e01b41/files/fd8cf7e766d3ac33f67927fc43e9bc68ed5365652b554a71032c61c0fcbb2364 [stream]
[debug] [2021-12-02T17:13:19.240Z] <<< [apiv2][status] POST https://upload-firebasehosting.googleapis.com/upload/sites/galician-choir/versions/43561a0fd2e01b41/files/3f982d8add083d9c62ae5144a89c3a3dd190952f943f7fc1e685ee9451dd9a9e 200
[debug] [2021-12-02T17:13:19.240Z] <<< [apiv2][body] POST https://upload-firebasehosting.googleapis.com/upload/sites/galician-choir/versions/43561a0fd2e01b41/files/3f982d8add083d9c62ae5144a89c3a3dd190952f943f7fc1e685ee9451dd9a9e [stream]
[debug] [2021-12-02T17:13:19.240Z] <<< [apiv2][status] POST https://upload-firebasehosting.googleapis.com/upload/sites/galician-choir/versions/43561a0fd2e01b41/files/f1aa89dda1d21b4844acb2732db94888e811c0c614bffc2916ea17e2f6046608 200
[debug] [2021-12-02T17:13:19.240Z] <<< [apiv2][body] POST https://upload-firebasehosting.googleapis.com/upload/sites/galician-choir/versions/43561a0fd2e01b41/files/f1aa89dda1d21b4844acb2732db94888e811c0c614bffc2916ea17e2f6046608 [stream]
[debug] [2021-12-02T17:13:19.241Z] <<< [apiv2][status] POST https://upload-firebasehosting.googleapis.com/upload/sites/galician-choir/versions/43561a0fd2e01b41/files/f43f799f969c40ba8ac00a54f07ae8205d8eef4b4acac17953840f5b8c79054c 200
[debug] [2021-12-02T17:13:19.241Z] <<< [apiv2][body] POST https://upload-firebasehosting.googleapis.com/upload/sites/galician-choir/versions/43561a0fd2e01b41/files/f43f799f969c40ba8ac00a54f07ae8205d8eef4b4acac17953840f5b8c79054c [stream]
[debug] [2021-12-02T17:13:19.242Z] <<< [apiv2][status] POST https://upload-firebasehosting.googleapis.com/upload/sites/galician-choir/versions/43561a0fd2e01b41/files/7f25727c65c9e8d8b00ff649cd7785d9c986797a4ee0a28e6732e10372e7c642 200
[debug] [2021-12-02T17:13:19.242Z] <<< [apiv2][body] POST https://upload-firebasehosting.googleapis.com/upload/sites/galician-choir/versions/43561a0fd2e01b41/files/7f25727c65c9e8d8b00ff649cd7785d9c986797a4ee0a28e6732e10372e7c642 [stream]
[debug] [2021-12-02T17:13:19.243Z] <<< [apiv2][status] POST https://upload-firebasehosting.googleapis.com/upload/sites/galician-choir/versions/43561a0fd2e01b41/files/a45e5b411fb4d013ada4bb088e535bb701d036822c06ddbaa890cd9257bc5621 200
[debug] [2021-12-02T17:13:19.243Z] <<< [apiv2][body] POST https://upload-firebasehosting.googleapis.com/upload/sites/galician-choir/versions/43561a0fd2e01b41/files/a45e5b411fb4d013ada4bb088e535bb701d036822c06ddbaa890cd9257bc5621 [stream]
[debug] [2021-12-02T17:13:19.244Z] <<< [apiv2][status] POST https://upload-firebasehosting.googleapis.com/upload/sites/galician-choir/versions/43561a0fd2e01b41/files/4e4427177bf3ed3558fd951cb317306130317e3bc925c05f8917e6a117ed5735 200
[debug] [2021-12-02T17:13:19.244Z] <<< [apiv2][body] POST https://upload-firebasehosting.googleapis.com/upload/sites/galician-choir/versions/43561a0fd2e01b41/files/4e4427177bf3ed3558fd951cb317306130317e3bc925c05f8917e6a117ed5735 [stream]
[debug] [2021-12-02T17:13:19.246Z] <<< [apiv2][status] POST https://upload-firebasehosting.googleapis.com/upload/sites/galician-choir/versions/43561a0fd2e01b41/files/62ca5283f186c8494df353f3ff454b6fa471137a50506753ffcc8d9a8cdf50b6 200
[debug] [2021-12-02T17:13:19.246Z] <<< [apiv2][body] POST https://upload-firebasehosting.googleapis.com/upload/sites/galician-choir/versions/43561a0fd2e01b41/files/62ca5283f186c8494df353f3ff454b6fa471137a50506753ffcc8d9a8cdf50b6 [stream]
[debug] [2021-12-02T17:13:19.249Z] <<< [apiv2][status] POST https://upload-firebasehosting.googleapis.com/upload/sites/galician-choir/versions/43561a0fd2e01b41/files/e88faca3b58b4324a3c0a32b1a88ac44dcebebf619e3c0c27a9adca850fe2628 200
[debug] [2021-12-02T17:13:19.249Z] <<< [apiv2][body] POST https://upload-firebasehosting.googleapis.com/upload/sites/galician-choir/versions/43561a0fd2e01b41/files/e88faca3b58b4324a3c0a32b1a88ac44dcebebf619e3c0c27a9adca850fe2628 [stream]
[debug] [2021-12-02T17:13:19.265Z] <<< [apiv2][status] POST https://upload-firebasehosting.googleapis.com/upload/sites/galician-choir/versions/43561a0fd2e01b41/files/a0d75973e10d11327d1e2081c5e5f050ae09ab9683a6d0d6f3e83875882d6980 200
[debug] [2021-12-02T17:13:19.266Z] <<< [apiv2][body] POST https://upload-firebasehosting.googleapis.com/upload/sites/galician-choir/versions/43561a0fd2e01b41/files/a0d75973e10d11327d1e2081c5e5f050ae09ab9683a6d0d6f3e83875882d6980 [stream]
[debug] [2021-12-02T17:13:19.276Z] <<< [apiv2][status] POST https://upload-firebasehosting.googleapis.com/upload/sites/galician-choir/versions/43561a0fd2e01b41/files/9e222d85dc0edd5accfc54dff18adb74da06b11acbd0c23e5204f276b152e63d 200
[debug] [2021-12-02T17:13:19.276Z] <<< [apiv2][body] POST https://upload-firebasehosting.googleapis.com/upload/sites/galician-choir/versions/43561a0fd2e01b41/files/9e222d85dc0edd5accfc54dff18adb74da06b11acbd0c23e5204f276b152e63d [stream]
[debug] [2021-12-02T17:13:19.466Z] <<< [apiv2][status] POST https://upload-firebasehosting.googleapis.com/upload/sites/galician-choir/versions/43561a0fd2e01b41/files/e9dc898ef22dc68e93194576d66792aa26f5ceadf4d3ccf3993e89eabd6b09dc 200
[debug] [2021-12-02T17:13:19.466Z] <<< [apiv2][body] POST https://upload-firebasehosting.googleapis.com/upload/sites/galician-choir/versions/43561a0fd2e01b41/files/e9dc898ef22dc68e93194576d66792aa26f5ceadf4d3ccf3993e89eabd6b09dc [stream]
[debug] [2021-12-02T17:13:20.499Z] <<< [apiv2][status] POST https://upload-firebasehosting.googleapis.com/upload/sites/galician-choir/versions/43561a0fd2e01b41/files/959e3f917c5b3872f63066c5ace3ba00b250fbe0bb7e25907fc3cf086aef9e1d 200
[debug] [2021-12-02T17:13:20.499Z] <<< [apiv2][body] POST https://upload-firebasehosting.googleapis.com/upload/sites/galician-choir/versions/43561a0fd2e01b41/files/959e3f917c5b3872f63066c5ace3ba00b250fbe0bb7e25907fc3cf086aef9e1d [stream]
[debug] [2021-12-02T17:13:20.500Z] [hosting][upload queue][FINAL] {"max":3360,"min":2095,"avg":2188.5,"active":0,"complete":18,"success":18,"errored":0,"retried":0,"total":18,"elapsed":3371}
[info] ✔  hosting[galician-choir]: file upload complete 
[debug] [2021-12-02T17:13:20.502Z] [hosting] deploy completed after 5606ms
[debug] [2021-12-02T17:13:20.512Z] [rules] releasing firebase.storage/galician-choir.appspot.com with ruleset projects/galician-choir/rulesets/5fcaa5ee-2282-43cf-81dd-f2588d295f56
[debug] [2021-12-02T17:13:20.513Z] > refreshing access token with scopes: ["email","https://www.googleapis.com/auth/cloud-platform","https://www.googleapis.com/auth/cloudplatformprojects.readonly","https://www.googleapis.com/auth/firebase","openid"]
[debug] [2021-12-02T17:13:20.514Z] >>> HTTP REQUEST POST https://www.googleapis.com/oauth2/v3/token  
 <request body omitted>
[debug] [2021-12-02T17:13:20.750Z] <<< HTTP RESPONSE 200 {"date":"Thu, 02 Dec 2021 17:13:20 GMT","cache-control":"no-cache, no-store, max-age=0, must-revalidate","expires":"Mon, 01 Jan 1990 00:00:00 GMT","pragma":"no-cache","content-type":"application/json; charset=utf-8","vary":"X-Origin, Referer, Origin,Accept-Encoding","server":"scaffolding on HTTPServer2","x-xss-protection":"0","x-frame-options":"SAMEORIGIN","x-content-type-options":"nosniff","alt-svc":"h3=\":443\"; ma=2592000,h3-29=\":443\"; ma=2592000,h3-Q050=\":443\"; ma=2592000,h3-Q046=\":443\"; ma=2592000,h3-Q043=\":443\"; ma=2592000,quic=\":443\"; ma=2592000; v=\"46,43\"","accept-ranges":"none","transfer-encoding":"chunked"}
[debug] [2021-12-02T17:13:20.766Z] >>> HTTP REQUEST PATCH https://firebaserules.googleapis.com/v1/projects/galician-choir/releases/firebase.storage/galician-choir.appspot.com  
 {"release":{"name":"projects/galician-choir/releases/firebase.storage/galician-choir.appspot.com","rulesetName":"projects/galician-choir/rulesets/5fcaa5ee-2282-43cf-81dd-f2588d295f56"}}
[debug] [2021-12-02T17:13:21.785Z] <<< HTTP RESPONSE 200 {"content-type":"application/json; charset=UTF-8","vary":"X-Origin, Referer, Origin,Accept-Encoding","date":"Thu, 02 Dec 2021 17:13:21 GMT","server":"ESF","cache-control":"private","x-xss-protection":"0","x-frame-options":"SAMEORIGIN","x-content-type-options":"nosniff","alt-svc":"h3=\":443\"; ma=2592000,h3-29=\":443\"; ma=2592000,h3-Q050=\":443\"; ma=2592000,h3-Q046=\":443\"; ma=2592000,h3-Q043=\":443\"; ma=2592000,quic=\":443\"; ma=2592000; v=\"46,43\"","accept-ranges":"none","transfer-encoding":"chunked"}
[debug] [2021-12-02T17:13:21.786Z] [rules] updated release projects/galician-choir/releases/firebase.storage/galician-choir.appspot.com
[info] ✔  storage: released rules storage.rules to firebase.storage 
[debug] [2021-12-02T17:13:21.789Z] [rules] releasing cloud.firestore with ruleset projects/galician-choir/rulesets/494a0a79-8368-40a2-9344-4d1088cd9d9f
[debug] [2021-12-02T17:13:21.790Z] >>> HTTP REQUEST PATCH https://firebaserules.googleapis.com/v1/projects/galician-choir/releases/cloud.firestore  
 {"release":{"name":"projects/galician-choir/releases/cloud.firestore","rulesetName":"projects/galician-choir/rulesets/494a0a79-8368-40a2-9344-4d1088cd9d9f"}}
[debug] [2021-12-02T17:13:23.674Z] <<< HTTP RESPONSE 200 {"content-type":"application/json; charset=UTF-8","vary":"X-Origin, Referer, Origin,Accept-Encoding","date":"Thu, 02 Dec 2021 17:13:22 GMT","server":"ESF","cache-control":"private","x-xss-protection":"0","x-frame-options":"SAMEORIGIN","x-content-type-options":"nosniff","alt-svc":"h3=\":443\"; ma=2592000,h3-29=\":443\"; ma=2592000,h3-Q050=\":443\"; ma=2592000,h3-Q046=\":443\"; ma=2592000,h3-Q043=\":443\"; ma=2592000,quic=\":443\"; ma=2592000; v=\"46,43\"","accept-ranges":"none","transfer-encoding":"chunked"}
[debug] [2021-12-02T17:13:23.675Z] [rules] updated release projects/galician-choir/releases/cloud.firestore
[info] ✔  firestore: released rules firestore.rules to cloud.firestore 
[debug] [2021-12-02T17:13:23.677Z] [
  {
    "config": {
      "public": "dist",
      "ignore": [
        "firebase.json",
        "**/.*",
        "**/node_modules/**"
      ],
      "rewrites": [
        {
          "source": "**",
          "destination": "/index.html"
        }
      ],
      "site": "galician-choir"
    },
    "site": "galician-choir",
    "version": "sites/galician-choir/versions/43561a0fd2e01b41"
  }
]
[info] i  hosting[galician-choir]: finalizing version... 
[debug] [2021-12-02T17:13:23.681Z] >>> HTTP REQUEST PATCH https://firebasehosting.googleapis.com/v1beta1/sites/galician-choir/versions/43561a0fd2e01b41?updateMask=status  
 {"status":"FINALIZED"}
[debug] [2021-12-02T17:13:41.522Z] Error: socket hang up
    at createHangUpError (_http_client.js:332:15)
    at TLSSocket.socketOnEnd (_http_client.js:435:23)
    at TLSSocket.emit (events.js:203:15)
    at TLSSocket.EventEmitter.emit (domain.js:448:20)
    at endReadableNT (_stream_readable.js:1145:12)
    at process._tickCallback (internal/process/next_tick.js:63:19)
[error] 
[error] Error: Server Error. socket hang up
